<?xml version="1.0" encoding="UTF-8"?>
<!-- Generated by org.testng.reporters.JUnitReportReporter -->
<testsuite hostname="DESKTOP-CP8B26T" name="com.crm.qa.testcases.HomePageTest" tests="1" failures="0" timestamp="29 Jul 2019 01:32:22 GMT" time="31.837" errors="0">
  <testcase name="verifyContactLinkTest" time="31.837" classname="com.crm.qa.testcases.HomePageTest"/>
</testsuite> <!-- com.crm.qa.testcases.HomePageTest -->
