<?xml version="1.0" encoding="UTF-8"?>
<!-- Generated by org.testng.reporters.JUnitReportReporter -->
<testsuite hostname="DESKTOP-CP8B26T" name="com.crm.qa.testcases.LoginPageTest" tests="3" failures="0" timestamp="29 Jul 2019 01:32:22 GMT" time="49.153" errors="0">
  <testcase name="loginButtonTest" time="13.672" classname="com.crm.qa.testcases.LoginPageTest"/>
  <testcase name="loginPageTitleTest" time="14.407" classname="com.crm.qa.testcases.LoginPageTest"/>
  <testcase name="loginTest" time="21.074" classname="com.crm.qa.testcases.LoginPageTest"/>
</testsuite> <!-- com.crm.qa.testcases.LoginPageTest -->
