<?xml version="1.0" encoding="UTF-8"?>
<!-- Generated by org.testng.reporters.JUnitReportReporter -->
<testsuite hostname="DESKTOP-CP8B26T" name="com.crm.qa.testcases.HomePageTest" tests="1" failures="0" timestamp="28 Oct 2019 07:54:07 GMT" time="25.261" errors="0">
  <testcase name="verifyContactLinkTest" time="25.261" classname="com.crm.qa.testcases.HomePageTest"/>
</testsuite> <!-- com.crm.qa.testcases.HomePageTest -->
