<?xml version="1.0" encoding="UTF-8"?>
<!-- Generated by org.testng.reporters.JUnitReportReporter -->
<testsuite hostname="DESKTOP-CP8B26T" name="com.crm.qa.testcases.LoginPageTest" tests="3" failures="0" timestamp="29 Jul 2019 04:59:59 GMT" time="46.796" errors="0">
  <testcase name="loginButtonTest" time="9.515" classname="com.crm.qa.testcases.LoginPageTest"/>
  <testcase name="loginTest" time="28.972" classname="com.crm.qa.testcases.LoginPageTest"/>
  <testcase name="loginPageTitleTest" time="8.309" classname="com.crm.qa.testcases.LoginPageTest"/>
</testsuite> <!-- com.crm.qa.testcases.LoginPageTest -->
